----- LOG STARTED -----
# 2:42:17 2019-04-23 [0.009] INFO example01.php[35] INSERT INTO `user` ( `name`, `email`, `gender`, `age`, `binary` ) VALUES ( 'user 1555976537', NULL, NULL, NULL, NULL )
# 2:42:17 2019-04-23 [0.009] INFO example01.php[35] SELECT `id` FROM `user` ORDER BY `id` DESC LIMIT 1
# 2:42:17 2019-04-23 [0.010] INFO example01.php[37] SELECT * FROM `user` WHERE `id` = 3 LIMIT 1
----- LOG STARTED -----
# 2:43:53 2019-04-23 [0.003] INFO example02.php[30] SELECT `id`, `name`, `email` FROM user WHERE id = 1
----- LOG STARTED -----
# 9:59:08 2019-08-08 [0.005] INFO example01.php[39] INSERT INTO `user` ( `name`, `email`, `gender`, `age`, `binary` ) VALUES ( 'user 1565251148', NULL, NULL, NULL, NULL )
# 9:59:08 2019-08-08 [0.020] INFO example01.php[39] SELECT `id` FROM `user` ORDER BY `id` DESC LIMIT 1
# 9:59:08 2019-08-08 [0.022] INFO example01.php[41] SELECT * FROM `user` WHERE `id` = 2 LIMIT 1
----- LOG STARTED -----
# 9:59:21 2019-08-08 [0.004] INFO example02.php[34] SELECT `id`, `name`, `email` FROM user WHERE id = 1
# 5:43:43 2020-02-19 [0.001] ----- LOG STARTED ----- example01.php[30] 
# 5:43:43 2020-02-19 [0.023] INFO example01.php[39] INSERT INTO `user` ( `name`, `email`, `gender`, `age`, `binary` ) VALUES ( 'user 1582091023', NULL, NULL, NULL, NULL )
# 5:43:44 2020-02-19 [0.034] INFO example01.php[39] SELECT `id` FROM `user` ORDER BY `id` DESC LIMIT 1
# 5:43:44 2020-02-19 [0.035] INFO example01.php[41] SELECT * FROM `user` WHERE `id` = 2 LIMIT 1
# 5:44:25 2020-02-19 [0.001] ----- LOG STARTED ----- example01.php[30] 
# 5:44:25 2020-02-19 [0.005] INFO example01.php[39] INSERT INTO `user` ( `name`, `email`, `gender`, `age`, `binary` ) VALUES ( 'user 1582091065', NULL, NULL, NULL, NULL )
# 5:44:25 2020-02-19 [0.017] INFO example01.php[39] SELECT `id` FROM `user` ORDER BY `id` DESC LIMIT 1
# 5:44:25 2020-02-19 [0.018] INFO example01.php[41] SELECT * FROM `user` WHERE `id` = 3 LIMIT 1
# 5:45:05 2020-02-19 [0.001] ----- LOG STARTED ----- example01.php[30] 
# 5:45:05 2020-02-19 [0.006] INFO example01.php[39] INSERT INTO `user` ( `name`, `email`, `gender`, `age`, `binary` ) VALUES ( 'user 1582091105', NULL, NULL, NULL, NULL )
# 5:45:05 2020-02-19 [0.016] INFO example01.php[39] SELECT `id` FROM `user` ORDER BY `id` DESC LIMIT 1
# 5:45:05 2020-02-19 [0.018] INFO example01.php[41] SELECT * FROM `user` WHERE `id` = 4 LIMIT 1
